<?xml version="1.0" encoding="UTF-8"?>
<testng-results ignored="0" total="1" passed="1" failed="0" skipped="0">
  <reporter-output>
  </reporter-output>
  <suite started-at="2024-12-06T16:22:01 IST" name="My First Automation suite" finished-at="2024-12-06T16:22:24 IST" duration-ms="22925">
    <groups>
    </groups>
    <test started-at="2024-12-06T16:22:01 IST" name="Regression Test" finished-at="2024-12-06T16:22:24 IST" duration-ms="22925">
      <class name="org.zone24x7.tests.LoginTest">
        <test-method is-config="true" signature="setUp()[pri:0, instance:org.zone24x7.tests.LoginTest@3e58a80e]" started-at="2024-12-06T16:22:01 IST" name="setUp" finished-at="2024-12-06T16:22:08 IST" duration-ms="6232" status="PASS">
          <reporter-output>
          </reporter-output>
        </test-method> <!-- setUp -->
        <test-method signature="DMSDashboardPageLoad()[pri:0, instance:org.zone24x7.tests.LoginTest@3e58a80e]" started-at="2024-12-06T16:22:08 IST" name="DMSDashboardPageLoad" finished-at="2024-12-06T16:22:23 IST" duration-ms="15746" status="PASS">
          <reporter-output>
          </reporter-output>
        </test-method> <!-- DMSDashboardPageLoad -->
        <test-method is-config="true" signature="tearDown()[pri:0, instance:org.zone24x7.tests.LoginTest@3e58a80e]" started-at="2024-12-06T16:22:23 IST" name="tearDown" finished-at="2024-12-06T16:22:24 IST" duration-ms="912" status="PASS">
          <reporter-output>
          </reporter-output>
        </test-method> <!-- tearDown -->
      </class> <!-- org.zone24x7.tests.LoginTest -->
    </test> <!-- Regression Test -->
  </suite> <!-- My First Automation suite -->
</testng-results>
